INFO 2025-01-04 15:41:59,737 autoreload Watching for file changes with StatReloader
INFO 2025-01-04 15:42:07,276 basehttp "GET / HTTP/1.1" 200 2484
INFO 2025-01-04 15:42:07,906 basehttp "GET /static/users/css/users_style.css HTTP/1.1" 304 0
WARNING 2025-01-04 15:42:08,427 basehttp "GET /static/css/main.css HTTP/1.1" 404 1896
WARNING 2025-01-04 15:42:08,665 log Not Found: /favicon.ico
WARNING 2025-01-04 15:42:08,666 basehttp "GET /favicon.ico HTTP/1.1" 404 2786
INFO 2025-01-04 15:42:11,211 basehttp "GET /users/login/ HTTP/1.1" 200 3049
WARNING 2025-01-04 15:42:11,307 basehttp "GET /static/css/main.css HTTP/1.1" 404 1896
INFO 2025-01-04 15:42:28,884 basehttp "POST /users/login/ HTTP/1.1" 302 0
INFO 2025-01-04 15:42:28,966 basehttp "GET /users/employee_profile/3/ HTTP/1.1" 200 5001
WARNING 2025-01-04 15:42:29,186 basehttp "GET /static/css/main.css HTTP/1.1" 404 1896
INFO 2025-01-04 15:42:33,371 basehttp "GET /workflow/task_doers_list/ HTTP/1.1" 200 7073
WARNING 2025-01-04 15:42:33,451 basehttp "GET /static/css/main.css HTTP/1.1" 404 1896
INFO 2025-01-04 15:42:37,375 basehttp "GET /workflow/doer_tasks/2/ HTTP/1.1" 200 7078
WARNING 2025-01-04 15:42:37,455 basehttp "GET /static/css/main.css HTTP/1.1" 404 1896
INFO 2025-01-04 15:42:51,968 basehttp "GET /workflow/doer_tasks/4/ HTTP/1.1" 200 5126
WARNING 2025-01-04 15:42:52,099 basehttp "GET /static/css/main.css HTTP/1.1" 404 1896
INFO 2025-01-04 15:42:58,599 basehttp "GET /workflow/create_task_assignment/ HTTP/1.1" 200 5654
WARNING 2025-01-04 15:42:58,649 basehttp "GET /static/css/main.css HTTP/1.1" 404 1896
INFO 2025-01-04 15:43:29,343 basehttp "POST /workflow/create_task_assignment/ HTTP/1.1" 302 0
INFO 2025-01-04 15:43:29,372 basehttp "GET /workflow/task_doers_list/ HTTP/1.1" 200 7073
WARNING 2025-01-04 15:43:29,470 basehttp "GET /static/css/main.css HTTP/1.1" 404 1896
INFO 2025-01-04 15:43:32,132 basehttp "GET /workflow/doer_tasks/4/ HTTP/1.1" 200 6109
WARNING 2025-01-04 15:43:32,207 basehttp "GET /static/css/main.css HTTP/1.1" 404 1896
INFO 2025-01-04 15:43:47,812 basehttp "GET /users/update-admission-group/2/ HTTP/1.1" 200 4962
WARNING 2025-01-04 15:43:48,067 basehttp "GET /static/css/main.css HTTP/1.1" 404 1896
INFO 2025-01-04 15:43:59,588 basehttp "POST /users/update-admission-group/2/ HTTP/1.1" 302 0
INFO 2025-01-04 15:43:59,795 basehttp "GET /users/electricians_list HTTP/1.1" 200 7018
WARNING 2025-01-04 15:43:59,880 basehttp "GET /static/css/main.css HTTP/1.1" 404 1896
INFO 2025-01-04 15:44:10,681 basehttp "GET /users/update-admission-group/2/ HTTP/1.1" 200 4962
WARNING 2025-01-04 15:44:10,770 basehttp "GET /static/css/main.css HTTP/1.1" 404 1896
INFO 2025-01-04 15:44:17,208 basehttp "POST /users/update-admission-group/2/ HTTP/1.1" 302 0
INFO 2025-01-04 15:44:17,252 basehttp "GET /users/electricians_list HTTP/1.1" 200 7014
WARNING 2025-01-04 15:44:17,342 basehttp "GET /static/css/main.css HTTP/1.1" 404 1896
INFO 2025-01-04 15:44:34,199 basehttp "GET /workflow/create_task_assignment/ HTTP/1.1" 200 5654
WARNING 2025-01-04 15:44:34,294 basehttp "GET /static/css/main.css HTTP/1.1" 404 1896
INFO 2025-01-04 15:44:49,523 basehttp "POST /workflow/create_task_assignment/ HTTP/1.1" 302 0
INFO 2025-01-04 15:44:49,566 basehttp "GET /workflow/task_doers_list/ HTTP/1.1" 200 7073
WARNING 2025-01-04 15:44:49,676 basehttp "GET /static/css/main.css HTTP/1.1" 404 1896
INFO 2025-01-04 15:44:54,664 basehttp "GET /workflow/create_task_assignment/ HTTP/1.1" 200 5654
WARNING 2025-01-04 15:44:54,772 basehttp "GET /static/css/main.css HTTP/1.1" 404 1896
INFO 2025-01-04 15:45:14,867 basehttp "POST /workflow/create_task_assignment/ HTTP/1.1" 302 0
INFO 2025-01-04 15:45:14,908 basehttp "GET /workflow/task_doers_list/ HTTP/1.1" 200 7073
WARNING 2025-01-04 15:45:14,974 basehttp "GET /static/css/main.css HTTP/1.1" 404 1896
INFO 2025-01-04 15:47:40,172 autoreload /home/s-ovsiuk/pf_project/config/settings.py changed, reloading.
INFO 2025-01-04 16:10:45,258 autoreload Watching for file changes with StatReloader
INFO 2025-01-04 16:10:50,865 basehttp "GET / HTTP/1.1" 200 4617
WARNING 2025-01-04 16:10:52,088 basehttp "GET /static/css/main.css HTTP/1.1" 404 1896
INFO 2025-01-04 16:10:57,386 basehttp "GET /users/logout/ HTTP/1.1" 302 0
INFO 2025-01-04 16:10:57,402 basehttp "GET / HTTP/1.1" 200 2484
WARNING 2025-01-04 16:10:57,494 basehttp "GET /static/css/main.css HTTP/1.1" 404 1896
INFO 2025-01-04 16:11:02,825 basehttp "GET /admin/ HTTP/1.1" 302 0
INFO 2025-01-04 16:11:02,993 basehttp "GET /admin/login/?next=/admin/ HTTP/1.1" 200 4668
INFO 2025-01-04 16:11:03,097 basehttp "GET /static/admin/css/base.css HTTP/1.1" 304 0
INFO 2025-01-04 16:11:03,097 basehttp "GET /static/admin/css/nav_sidebar.css HTTP/1.1" 304 0
INFO 2025-01-04 16:11:03,118 basehttp "GET /static/admin/css/dark_mode.css HTTP/1.1" 304 0
INFO 2025-01-04 16:11:03,196 basehttp "GET /static/admin/css/login.css HTTP/1.1" 304 0
INFO 2025-01-04 16:11:03,371 basehttp "GET /static/admin/js/theme.js HTTP/1.1" 304 0
INFO 2025-01-04 16:11:03,391 basehttp "GET /static/admin/css/responsive.css HTTP/1.1" 304 0
INFO 2025-01-04 16:11:03,400 basehttp "GET /static/admin/js/nav_sidebar.js HTTP/1.1" 304 0
INFO 2025-01-04 16:11:03,899 basehttp "GET /static/admin/img/icon-yes.svg HTTP/1.1" 304 0
INFO 2025-01-04 16:11:30,177 basehttp "GET /admin/login/?next=/admin/ HTTP/1.1" 200 4381
INFO 2025-01-04 16:11:51,216 basehttp "POST /admin/login/?next=/admin/ HTTP/1.1" 302 0
INFO 2025-01-04 16:11:51,347 basehttp "GET /admin/ HTTP/1.1" 200 15783
INFO 2025-01-04 16:11:51,682 basehttp "GET /static/admin/css/dashboard.css HTTP/1.1" 304 0
INFO 2025-01-04 16:11:51,901 basehttp "GET /static/admin/img/icon-changelink.svg HTTP/1.1" 304 0
INFO 2025-01-04 16:11:51,913 basehttp "GET /static/admin/img/icon-addlink.svg HTTP/1.1" 304 0
INFO 2025-01-04 16:11:51,977 basehttp "GET /static/admin/img/icon-deletelink.svg HTTP/1.1" 304 0
INFO 2025-01-04 16:11:58,638 basehttp "GET /admin/django_celery_beat/periodictask/add/ HTTP/1.1" 200 36253
INFO 2025-01-04 16:11:58,868 basehttp "GET /admin/jsi18n/ HTTP/1.1" 200 12183
INFO 2025-01-04 16:11:59,002 basehttp "GET /static/admin/css/forms.css HTTP/1.1" 304 0
INFO 2025-01-04 16:11:59,090 basehttp "GET /static/admin/js/vendor/jquery/jquery.js HTTP/1.1" 304 0
INFO 2025-01-04 16:11:59,173 basehttp "GET /static/admin/js/calendar.js HTTP/1.1" 304 0
INFO 2025-01-04 16:11:59,238 basehttp "GET /static/admin/js/collapse.js HTTP/1.1" 304 0
INFO 2025-01-04 16:11:59,420 basehttp "GET /static/admin/css/widgets.css HTTP/1.1" 304 0
INFO 2025-01-04 16:11:59,477 basehttp "GET /static/admin/js/jquery.init.js HTTP/1.1" 304 0
INFO 2025-01-04 16:11:59,645 basehttp "GET /static/admin/js/admin/DateTimeShortcuts.js HTTP/1.1" 304 0
INFO 2025-01-04 16:11:59,646 basehttp "GET /static/admin/js/admin/RelatedObjectLookups.js HTTP/1.1" 304 0
INFO 2025-01-04 16:11:59,717 basehttp "GET /static/admin/js/core.js HTTP/1.1" 304 0
INFO 2025-01-04 16:11:59,774 basehttp "GET /static/admin/js/actions.js HTTP/1.1" 304 0
INFO 2025-01-04 16:11:59,787 basehttp "GET /static/admin/js/urlify.js HTTP/1.1" 304 0
INFO 2025-01-04 16:11:59,826 basehttp "GET /static/admin/js/prepopulate.js HTTP/1.1" 304 0
INFO 2025-01-04 16:11:59,855 basehttp "GET /static/admin/js/prepopulate_init.js HTTP/1.1" 304 0
INFO 2025-01-04 16:11:59,862 basehttp "GET /static/admin/img/icon-viewlink.svg HTTP/1.1" 304 0
INFO 2025-01-04 16:11:59,871 basehttp "GET /static/admin/js/vendor/xregexp/xregexp.js HTTP/1.1" 304 0
INFO 2025-01-04 16:11:59,934 basehttp "GET /static/admin/js/change_form.js HTTP/1.1" 304 0
INFO 2025-01-04 16:12:00,157 basehttp "GET /static/admin/img/icon-clock.svg HTTP/1.1" 304 0
INFO 2025-01-04 16:12:00,191 basehttp "GET /static/admin/img/icon-calendar.svg HTTP/1.1" 304 0
INFO 2025-01-04 16:14:13,088 basehttp "GET /admin/django_celery_beat/intervalschedule/add/?_to_field=id&_popup=1 HTTP/1.1" 200 8429
INFO 2025-01-04 16:14:13,153 basehttp "GET /admin/jsi18n/ HTTP/1.1" 200 12183
INFO 2025-01-04 16:14:13,459 basehttp "GET /static/admin/img/icon-unknown.svg HTTP/1.1" 304 0
INFO 2025-01-04 16:14:13,554 basehttp "GET /static/admin/js/inlines.js HTTP/1.1" 304 0
INFO 2025-01-04 16:14:31,861 basehttp "POST /admin/django_celery_beat/intervalschedule/add/?_to_field=id&_popup=1 HTTP/1.1" 200 370
INFO 2025-01-04 16:14:31,986 basehttp "GET /static/admin/js/popup_response.js HTTP/1.1" 304 0
INFO 2025-01-04 16:14:42,437 basehttp "POST /admin/django_celery_beat/periodictask/add/ HTTP/1.1" 302 0
INFO 2025-01-04 16:14:42,624 basehttp "GET /admin/django_celery_beat/periodictask/ HTTP/1.1" 200 19026
INFO 2025-01-04 16:14:42,749 basehttp "GET /admin/jsi18n/ HTTP/1.1" 200 12183
INFO 2025-01-04 16:14:42,959 basehttp "GET /static/admin/img/search.svg HTTP/1.1" 304 0
INFO 2025-01-04 16:14:43,000 basehttp "GET /static/admin/css/changelists.css HTTP/1.1" 304 0
INFO 2025-01-04 16:14:43,260 basehttp "GET /static/admin/img/icon-no.svg HTTP/1.1" 304 0
INFO 2025-01-04 16:14:43,386 basehttp "GET /static/admin/js/filters.js HTTP/1.1" 304 0
INFO 2025-01-04 16:14:43,524 basehttp "GET /static/admin/img/tooltag-add.svg HTTP/1.1" 304 0
INFO 2025-01-04 16:22:59,964 autoreload /home/s-ovsiuk/pf_project/config/__init__.py changed, reloading.
INFO 2025-01-04 16:23:01,012 autoreload Watching for file changes with StatReloader
INFO 2025-01-04 16:23:56,398 autoreload /home/s-ovsiuk/pf_project/config/__init__.py changed, reloading.
INFO 2025-01-04 16:23:57,773 autoreload Watching for file changes with StatReloader
INFO 2025-01-04 16:35:34,711 autoreload /home/s-ovsiuk/pf_project/config/settings.py changed, reloading.
INFO 2025-01-04 16:35:40,126 autoreload Watching for file changes with StatReloader
INFO 2025-01-04 16:35:45,756 autoreload /home/s-ovsiuk/pf_project/config/settings.py changed, reloading.
INFO 2025-01-04 16:35:46,955 autoreload Watching for file changes with StatReloader
INFO 2025-01-04 16:35:58,709 autoreload /home/s-ovsiuk/pf_project/config/settings.py changed, reloading.
INFO 2025-01-04 16:35:59,804 autoreload Watching for file changes with StatReloader
INFO 2025-01-04 16:36:14,661 autoreload /home/s-ovsiuk/pf_project/config/settings.py changed, reloading.
INFO 2025-01-04 16:36:15,583 autoreload Watching for file changes with StatReloader
INFO 2025-01-04 17:57:03,178 basehttp "POST /admin/logout/ HTTP/1.1" 302 0
INFO 2025-01-04 17:57:04,198 basehttp "GET / HTTP/1.1" 200 2484
WARNING 2025-01-04 17:57:06,372 basehttp "GET /static/css/main.css HTTP/1.1" 404 1896
INFO 2025-01-04 17:57:09,691 basehttp "GET /users/login/ HTTP/1.1" 200 3049
WARNING 2025-01-04 17:57:09,988 basehttp "GET /static/css/main.css HTTP/1.1" 404 1896
INFO 2025-01-04 17:57:14,403 basehttp "GET /users/check_user/ HTTP/1.1" 200 2963
WARNING 2025-01-04 17:57:14,486 basehttp "GET /static/css/main.css HTTP/1.1" 404 1896
ERROR 2025-01-04 17:57:33,048 log Internal Server Error: /users/check_user/
Traceback (most recent call last):
  File "/home/s-ovsiuk/pf_project/venv/lib/python3.8/site-packages/django/core/handlers/exception.py", line 55, in inner
    response = get_response(request)
  File "/home/s-ovsiuk/pf_project/venv/lib/python3.8/site-packages/django/core/handlers/base.py", line 197, in _get_response
    response = wrapped_callback(request, *callback_args, **callback_kwargs)
  File "/home/s-ovsiuk/pf_project/users/views.py", line 173, in check_user_view
    send_mail(
  File "/home/s-ovsiuk/pf_project/venv/lib/python3.8/site-packages/django/core/mail/__init__.py", line 87, in send_mail
    return mail.send()
  File "/home/s-ovsiuk/pf_project/venv/lib/python3.8/site-packages/django/core/mail/message.py", line 299, in send
    return self.get_connection(fail_silently).send_messages([self])
  File "/home/s-ovsiuk/pf_project/venv/lib/python3.8/site-packages/django/core/mail/backends/smtp.py", line 127, in send_messages
    new_conn_created = self.open()
  File "/home/s-ovsiuk/pf_project/venv/lib/python3.8/site-packages/django/core/mail/backends/smtp.py", line 85, in open
    self.connection = self.connection_class(
  File "/usr/lib/python3.8/smtplib.py", line 255, in __init__
    (code, msg) = self.connect(host, port)
  File "/usr/lib/python3.8/smtplib.py", line 339, in connect
    self.sock = self._get_socket(host, port, self.timeout)
  File "/usr/lib/python3.8/smtplib.py", line 310, in _get_socket
    return socket.create_connection((host, port), timeout,
  File "/usr/lib/python3.8/socket.py", line 808, in create_connection
    raise err
  File "/usr/lib/python3.8/socket.py", line 796, in create_connection
    sock.connect(sa)
ConnectionRefusedError: [Errno 111] Connection refused
ERROR 2025-01-04 17:57:33,050 basehttp "POST /users/check_user/ HTTP/1.1" 500 110593
INFO 2025-01-04 17:59:08,861 basehttp "GET /users/login/ HTTP/1.1" 200 3049
WARNING 2025-01-04 17:59:08,984 basehttp "GET /static/css/main.css HTTP/1.1" 404 1896
INFO 2025-01-04 17:59:24,721 basehttp "GET /users/check_user/ HTTP/1.1" 200 2963
WARNING 2025-01-04 17:59:24,820 basehttp "GET /static/css/main.css HTTP/1.1" 404 1896
INFO 2025-01-04 18:04:32,472 autoreload Watching for file changes with StatReloader
INFO 2025-01-04 18:07:16,173 autoreload /home/s-ovsiuk/pf_project/config/settings.py changed, reloading.
INFO 2025-01-04 18:07:17,107 autoreload Watching for file changes with StatReloader
INFO 2025-01-04 18:07:49,303 autoreload /home/s-ovsiuk/pf_project/config/settings.py changed, reloading.
INFO 2025-01-04 18:09:43,404 autoreload Watching for file changes with StatReloader
INFO 2025-01-04 18:09:49,271 basehttp "GET / HTTP/1.1" 200 2484
WARNING 2025-01-04 18:09:49,362 basehttp "GET /static/css/main.css HTTP/1.1" 404 1896
INFO 2025-01-04 18:09:55,366 basehttp "GET /users/login/ HTTP/1.1" 200 3049
WARNING 2025-01-04 18:09:55,446 basehttp "GET /static/css/main.css HTTP/1.1" 404 1896
INFO 2025-01-04 18:09:57,432 basehttp "GET /users/check_user/ HTTP/1.1" 200 2963
WARNING 2025-01-04 18:09:57,504 basehttp "GET /static/css/main.css HTTP/1.1" 404 1896
INFO 2025-01-04 18:10:04,084 basehttp "GET /users/login/ HTTP/1.1" 200 3049
WARNING 2025-01-04 18:10:04,195 basehttp "GET /static/css/main.css HTTP/1.1" 404 1896
INFO 2025-01-04 18:10:23,994 basehttp "POST /users/login/ HTTP/1.1" 302 0
INFO 2025-01-04 18:10:24,055 basehttp "GET /users/employee_profile/2/ HTTP/1.1" 200 4068
WARNING 2025-01-04 18:10:24,150 basehttp "GET /static/css/main.css HTTP/1.1" 404 1896
INFO 2025-01-04 18:10:33,614 basehttp "GET /users/logout/ HTTP/1.1" 302 0
INFO 2025-01-04 18:10:33,630 basehttp "GET / HTTP/1.1" 200 2484
WARNING 2025-01-04 18:10:33,754 basehttp "GET /static/css/main.css HTTP/1.1" 404 1896
INFO 2025-01-04 18:10:35,929 basehttp "GET /users/login/ HTTP/1.1" 200 3049
WARNING 2025-01-04 18:10:36,009 basehttp "GET /static/css/main.css HTTP/1.1" 404 1896
INFO 2025-01-04 18:10:37,619 basehttp "GET /users/check_user/ HTTP/1.1" 200 2963
WARNING 2025-01-04 18:10:37,701 basehttp "GET /static/css/main.css HTTP/1.1" 404 1896
ERROR 2025-01-04 18:10:44,932 log Internal Server Error: /users/check_user/
Traceback (most recent call last):
  File "/home/s-ovsiuk/pf_project/venv/lib/python3.8/site-packages/django/core/handlers/exception.py", line 55, in inner
    response = get_response(request)
  File "/home/s-ovsiuk/pf_project/venv/lib/python3.8/site-packages/django/core/handlers/base.py", line 197, in _get_response
    response = wrapped_callback(request, *callback_args, **callback_kwargs)
  File "/home/s-ovsiuk/pf_project/users/views.py", line 173, in check_user_view
    send_mail(
  File "/home/s-ovsiuk/pf_project/venv/lib/python3.8/site-packages/django/core/mail/__init__.py", line 87, in send_mail
    return mail.send()
  File "/home/s-ovsiuk/pf_project/venv/lib/python3.8/site-packages/django/core/mail/message.py", line 299, in send
    return self.get_connection(fail_silently).send_messages([self])
  File "/home/s-ovsiuk/pf_project/venv/lib/python3.8/site-packages/django/core/mail/backends/smtp.py", line 127, in send_messages
    new_conn_created = self.open()
  File "/home/s-ovsiuk/pf_project/venv/lib/python3.8/site-packages/django/core/mail/backends/smtp.py", line 85, in open
    self.connection = self.connection_class(
  File "/usr/lib/python3.8/smtplib.py", line 255, in __init__
    (code, msg) = self.connect(host, port)
  File "/usr/lib/python3.8/smtplib.py", line 339, in connect
    self.sock = self._get_socket(host, port, self.timeout)
  File "/usr/lib/python3.8/smtplib.py", line 310, in _get_socket
    return socket.create_connection((host, port), timeout,
  File "/usr/lib/python3.8/socket.py", line 808, in create_connection
    raise err
  File "/usr/lib/python3.8/socket.py", line 796, in create_connection
    sock.connect(sa)
ConnectionRefusedError: [Errno 111] Connection refused
ERROR 2025-01-04 18:10:44,934 basehttp "POST /users/check_user/ HTTP/1.1" 500 110593
INFO 2025-01-04 18:17:37,769 basehttp code 400, message Bad request syntax ("ÿôÿý\x06ÿôÿý\x06ÿôÿý\x06ÿôÿý\x06'''''''''''''''6'6'66'6'6'6'")
WARNING 2025-01-04 18:17:37,770 basehttp "ÿôÿýÿôÿýÿôÿýÿôÿý'''''''''''''''6'6'66'6'6'6'" 400 -
INFO 2025-01-04 18:19:26,376 autoreload /home/s-ovsiuk/pf_project/config/settings.py changed, reloading.
INFO 2025-01-04 18:19:27,947 autoreload Watching for file changes with StatReloader
INFO 2025-01-04 18:19:49,943 autoreload /home/s-ovsiuk/pf_project/config/settings.py changed, reloading.
INFO 2025-01-04 18:19:51,038 autoreload Watching for file changes with StatReloader
INFO 2025-01-04 18:19:59,581 autoreload /home/s-ovsiuk/pf_project/config/settings.py changed, reloading.
INFO 2025-01-04 18:20:00,467 autoreload Watching for file changes with StatReloader
INFO 2025-01-04 18:20:02,878 autoreload /home/s-ovsiuk/pf_project/config/settings.py changed, reloading.
INFO 2025-01-04 18:20:03,677 autoreload Watching for file changes with StatReloader
INFO 2025-01-04 18:21:36,454 autoreload Watching for file changes with StatReloader
INFO 2025-01-04 18:21:52,490 autoreload Watching for file changes with StatReloader
INFO 2025-01-04 18:21:58,635 basehttp "GET / HTTP/1.1" 200 2484
INFO 2025-01-04 18:21:58,842 basehttp "GET /static/users/css/users_style.css HTTP/1.1" 200 626
WARNING 2025-01-04 18:21:58,867 basehttp "GET /static/css/main.css HTTP/1.1" 404 1896
WARNING 2025-01-04 18:21:59,658 log Not Found: /favicon.ico
WARNING 2025-01-04 18:21:59,659 basehttp "GET /favicon.ico HTTP/1.1" 404 2786
INFO 2025-01-04 18:22:02,701 basehttp "GET /users/login/ HTTP/1.1" 200 3049
WARNING 2025-01-04 18:22:02,797 basehttp "GET /static/css/main.css HTTP/1.1" 404 1896
INFO 2025-01-04 18:22:06,439 basehttp "GET /users/check_user/ HTTP/1.1" 200 2963
WARNING 2025-01-04 18:22:06,537 basehttp "GET /static/css/main.css HTTP/1.1" 404 1896
ERROR 2025-01-04 18:22:11,927 log Internal Server Error: /users/check_user/
Traceback (most recent call last):
  File "/home/s-ovsiuk/pf_project/venv/lib/python3.8/site-packages/django/core/handlers/exception.py", line 55, in inner
    response = get_response(request)
  File "/home/s-ovsiuk/pf_project/venv/lib/python3.8/site-packages/django/core/handlers/base.py", line 197, in _get_response
    response = wrapped_callback(request, *callback_args, **callback_kwargs)
  File "/home/s-ovsiuk/pf_project/users/views.py", line 173, in check_user_view
    send_mail(
  File "/home/s-ovsiuk/pf_project/venv/lib/python3.8/site-packages/django/core/mail/__init__.py", line 87, in send_mail
    return mail.send()
  File "/home/s-ovsiuk/pf_project/venv/lib/python3.8/site-packages/django/core/mail/message.py", line 299, in send
    return self.get_connection(fail_silently).send_messages([self])
  File "/home/s-ovsiuk/pf_project/venv/lib/python3.8/site-packages/django/core/mail/backends/smtp.py", line 127, in send_messages
    new_conn_created = self.open()
  File "/home/s-ovsiuk/pf_project/venv/lib/python3.8/site-packages/django/core/mail/backends/smtp.py", line 85, in open
    self.connection = self.connection_class(
  File "/usr/lib/python3.8/smtplib.py", line 255, in __init__
    (code, msg) = self.connect(host, port)
  File "/usr/lib/python3.8/smtplib.py", line 339, in connect
    self.sock = self._get_socket(host, port, self.timeout)
  File "/usr/lib/python3.8/smtplib.py", line 310, in _get_socket
    return socket.create_connection((host, port), timeout,
  File "/usr/lib/python3.8/socket.py", line 808, in create_connection
    raise err
  File "/usr/lib/python3.8/socket.py", line 796, in create_connection
    sock.connect(sa)
ConnectionRefusedError: [Errno 111] Connection refused
ERROR 2025-01-04 18:22:11,930 basehttp "POST /users/check_user/ HTTP/1.1" 500 110593
INFO 2025-01-04 18:25:35,421 autoreload /home/s-ovsiuk/pf_project/config/settings.py changed, reloading.
INFO 2025-01-04 18:25:35,910 autoreload /home/s-ovsiuk/pf_project/config/settings.py changed, reloading.
INFO 2025-01-04 18:25:37,500 autoreload Watching for file changes with StatReloader
INFO 2025-01-04 18:25:37,526 autoreload Watching for file changes with StatReloader
INFO 2025-01-04 18:25:43,058 autoreload /home/s-ovsiuk/pf_project/config/settings.py changed, reloading.
INFO 2025-01-04 18:25:43,072 autoreload /home/s-ovsiuk/pf_project/config/settings.py changed, reloading.
INFO 2025-01-04 18:25:44,316 autoreload Watching for file changes with StatReloader
INFO 2025-01-04 18:25:44,349 autoreload Watching for file changes with StatReloader
INFO 2025-01-04 18:29:02,006 autoreload /home/s-ovsiuk/pf_project/config/settings.py changed, reloading.
INFO 2025-01-04 18:29:10,701 autoreload Watching for file changes with StatReloader
INFO 2025-01-04 18:29:14,520 autoreload /home/s-ovsiuk/pf_project/config/settings.py changed, reloading.
INFO 2025-01-04 18:29:15,468 autoreload Watching for file changes with StatReloader
INFO 2025-01-04 18:29:28,136 autoreload /home/s-ovsiuk/pf_project/config/settings.py changed, reloading.
INFO 2025-01-04 18:29:29,065 autoreload Watching for file changes with StatReloader
INFO 2025-01-04 18:29:37,952 autoreload /home/s-ovsiuk/pf_project/config/settings.py changed, reloading.
INFO 2025-01-04 18:29:39,135 autoreload Watching for file changes with StatReloader
ERROR 2025-01-04 18:29:57,112 log Internal Server Error: /users/check_user/
Traceback (most recent call last):
  File "/home/s-ovsiuk/pf_project/venv/lib/python3.8/site-packages/django/core/handlers/exception.py", line 55, in inner
    response = get_response(request)
  File "/home/s-ovsiuk/pf_project/venv/lib/python3.8/site-packages/django/core/handlers/base.py", line 197, in _get_response
    response = wrapped_callback(request, *callback_args, **callback_kwargs)
  File "/home/s-ovsiuk/pf_project/users/views.py", line 173, in check_user_view
    send_mail(
  File "/home/s-ovsiuk/pf_project/venv/lib/python3.8/site-packages/django/core/mail/__init__.py", line 87, in send_mail
    return mail.send()
  File "/home/s-ovsiuk/pf_project/venv/lib/python3.8/site-packages/django/core/mail/message.py", line 299, in send
    return self.get_connection(fail_silently).send_messages([self])
  File "/home/s-ovsiuk/pf_project/venv/lib/python3.8/site-packages/django/core/mail/backends/smtp.py", line 127, in send_messages
    new_conn_created = self.open()
  File "/home/s-ovsiuk/pf_project/venv/lib/python3.8/site-packages/django/core/mail/backends/smtp.py", line 85, in open
    self.connection = self.connection_class(
  File "/usr/lib/python3.8/smtplib.py", line 255, in __init__
    (code, msg) = self.connect(host, port)
  File "/usr/lib/python3.8/smtplib.py", line 339, in connect
    self.sock = self._get_socket(host, port, self.timeout)
  File "/usr/lib/python3.8/smtplib.py", line 310, in _get_socket
    return socket.create_connection((host, port), timeout,
  File "/usr/lib/python3.8/socket.py", line 808, in create_connection
    raise err
  File "/usr/lib/python3.8/socket.py", line 796, in create_connection
    sock.connect(sa)
ConnectionRefusedError: [Errno 111] Connection refused
ERROR 2025-01-04 18:29:57,117 basehttp "POST /users/check_user/ HTTP/1.1" 500 110592
INFO 2025-01-04 18:34:01,061 autoreload Watching for file changes with StatReloader
INFO 2025-01-04 18:34:10,410 basehttp "GET / HTTP/1.1" 200 2484
WARNING 2025-01-04 18:34:11,034 basehttp "GET /static/css/main.css HTTP/1.1" 404 1896
INFO 2025-01-04 18:34:13,445 basehttp "GET /users/login/ HTTP/1.1" 200 3049
WARNING 2025-01-04 18:34:13,690 basehttp "GET /static/css/main.css HTTP/1.1" 404 1896
INFO 2025-01-04 18:34:15,166 basehttp "GET /users/check_user/ HTTP/1.1" 200 2963
WARNING 2025-01-04 18:34:15,265 basehttp "GET /static/css/main.css HTTP/1.1" 404 1896
INFO 2025-01-04 18:34:20,296 basehttp "POST /users/check_user/ HTTP/1.1" 302 0
INFO 2025-01-04 18:34:20,353 basehttp "GET /users/verify_code/ HTTP/1.1" 200 2598
WARNING 2025-01-04 18:34:20,637 basehttp "GET /static/css/main.css HTTP/1.1" 404 1896
INFO 2025-01-04 18:39:59,028 basehttp "GET /users/login/ HTTP/1.1" 200 3049
WARNING 2025-01-04 18:39:59,204 basehttp "GET /static/css/main.css HTTP/1.1" 404 1896
INFO 2025-01-04 18:40:24,470 autoreload /home/s-ovsiuk/pf_project/config/settings.py changed, reloading.
INFO 2025-01-04 18:40:28,398 autoreload Watching for file changes with StatReloader
INFO 2025-01-04 18:40:34,291 basehttp "GET /users/check_user/ HTTP/1.1" 200 2963
WARNING 2025-01-04 18:40:34,378 basehttp "GET /static/css/main.css HTTP/1.1" 404 1896
INFO 2025-01-04 18:40:38,932 basehttp "POST /users/check_user/ HTTP/1.1" 302 0
INFO 2025-01-04 18:40:38,958 basehttp "GET /users/verify_code/ HTTP/1.1" 200 2598
WARNING 2025-01-04 18:40:39,512 basehttp "GET /static/css/main.css HTTP/1.1" 404 1896
INFO 2025-01-04 18:41:26,535 basehttp "POST /users/verify_code/ HTTP/1.1" 302 0
INFO 2025-01-04 18:41:26,702 basehttp "GET /users/employee_profile/2/ HTTP/1.1" 200 4068
WARNING 2025-01-04 18:41:26,788 basehttp "GET /static/css/main.css HTTP/1.1" 404 1896
INFO 2025-01-05 11:52:10,787 autoreload Watching for file changes with StatReloader
INFO 2025-01-05 11:52:21,000 basehttp "GET / HTTP/1.1" 200 3665
INFO 2025-01-05 11:52:21,206 basehttp "GET /static/users/css/users_style.css HTTP/1.1" 304 0
WARNING 2025-01-05 11:52:21,757 basehttp "GET /static/css/main.css HTTP/1.1" 404 1896
WARNING 2025-01-05 11:52:21,915 log Not Found: /favicon.ico
WARNING 2025-01-05 11:52:21,916 basehttp "GET /favicon.ico HTTP/1.1" 404 2786
INFO 2025-01-05 11:52:30,203 basehttp "GET /users/logout/ HTTP/1.1" 302 0
INFO 2025-01-05 11:52:30,226 basehttp "GET / HTTP/1.1" 200 2484
WARNING 2025-01-05 11:52:30,393 basehttp "GET /static/css/main.css HTTP/1.1" 404 1896
INFO 2025-01-05 11:52:46,462 basehttp "GET /users/login/ HTTP/1.1" 200 3049
WARNING 2025-01-05 11:52:46,567 basehttp "GET /static/css/main.css HTTP/1.1" 404 1896
INFO 2025-01-05 11:52:55,855 basehttp "GET /users/check_user/ HTTP/1.1" 200 2963
WARNING 2025-01-05 11:52:55,922 basehttp "GET /static/css/main.css HTTP/1.1" 404 1896
INFO 2025-01-05 11:53:02,593 basehttp "POST /users/check_user/ HTTP/1.1" 302 0
INFO 2025-01-05 11:53:02,643 basehttp "GET /users/verify_code/ HTTP/1.1" 200 2598
WARNING 2025-01-05 11:53:02,725 basehttp "GET /static/css/main.css HTTP/1.1" 404 1896
INFO 2025-01-05 11:53:28,303 basehttp "POST /users/verify_code/ HTTP/1.1" 200 289
INFO 2025-01-05 11:54:06,222 autoreload /home/s-ovsiuk/pf_project/users/views.py changed, reloading.
INFO 2025-01-05 11:54:07,347 autoreload Watching for file changes with StatReloader
INFO 2025-01-05 11:54:09,077 autoreload /home/s-ovsiuk/pf_project/users/views.py changed, reloading.
INFO 2025-01-05 11:54:09,987 autoreload Watching for file changes with StatReloader
WARNING 2025-01-05 11:54:16,193 log Forbidden (CSRF token from POST incorrect.): /users/verify_code/
WARNING 2025-01-05 11:54:16,194 basehttp "POST /users/verify_code/ HTTP/1.1" 403 2559
INFO 2025-01-05 11:54:28,375 basehttp "GET / HTTP/1.1" 200 2484
WARNING 2025-01-05 11:54:28,438 basehttp "GET /static/css/main.css HTTP/1.1" 404 1896
INFO 2025-01-05 11:54:30,928 basehttp "GET /users/login/ HTTP/1.1" 200 3049
WARNING 2025-01-05 11:54:30,977 basehttp "GET /static/css/main.css HTTP/1.1" 404 1896
INFO 2025-01-05 11:54:47,814 basehttp "POST /users/login/ HTTP/1.1" 200 3258
WARNING 2025-01-05 11:54:47,898 basehttp "GET /static/css/main.css HTTP/1.1" 404 1896
INFO 2025-01-05 11:55:11,564 basehttp "GET /users/check_user/ HTTP/1.1" 200 2963
WARNING 2025-01-05 11:55:11,629 basehttp "GET /static/css/main.css HTTP/1.1" 404 1896
INFO 2025-01-05 11:55:19,201 basehttp "POST /users/check_user/ HTTP/1.1" 302 0
INFO 2025-01-05 11:55:19,234 basehttp "GET /users/verify_code/ HTTP/1.1" 200 2598
WARNING 2025-01-05 11:55:19,308 basehttp "GET /static/css/main.css HTTP/1.1" 404 1896
INFO 2025-01-05 11:56:10,543 basehttp "POST /users/verify_code/ HTTP/1.1" 200 298
INFO 2025-01-05 11:56:37,527 basehttp "GET / HTTP/1.1" 200 2484
WARNING 2025-01-05 11:56:37,595 basehttp "GET /static/css/main.css HTTP/1.1" 404 1896
INFO 2025-01-05 11:56:40,211 basehttp "GET /users/login/ HTTP/1.1" 200 3049
WARNING 2025-01-05 11:56:40,292 basehttp "GET /static/css/main.css HTTP/1.1" 404 1896
INFO 2025-01-05 11:56:59,883 basehttp "POST /users/login/ HTTP/1.1" 200 3258
WARNING 2025-01-05 11:56:59,947 basehttp "GET /static/css/main.css HTTP/1.1" 404 1896
INFO 2025-01-05 11:57:17,445 basehttp "GET /users/check_user/ HTTP/1.1" 200 2963
WARNING 2025-01-05 11:57:17,524 basehttp "GET /static/css/main.css HTTP/1.1" 404 1896
INFO 2025-01-05 11:57:25,760 basehttp "POST /users/check_user/ HTTP/1.1" 302 0
INFO 2025-01-05 11:57:25,780 basehttp "GET /users/verify_code/ HTTP/1.1" 200 2598
WARNING 2025-01-05 11:57:25,874 basehttp "GET /static/css/main.css HTTP/1.1" 404 1896
INFO 2025-01-05 11:57:49,657 basehttp "POST /users/verify_code/ HTTP/1.1" 200 298
INFO 2025-01-05 11:58:06,846 basehttp "GET / HTTP/1.1" 200 2484
WARNING 2025-01-05 11:58:06,971 basehttp "GET /static/css/main.css HTTP/1.1" 404 1896
INFO 2025-01-05 11:58:08,551 basehttp "GET /users/login/ HTTP/1.1" 200 3049
WARNING 2025-01-05 11:58:08,616 basehttp "GET /static/css/main.css HTTP/1.1" 404 1896
INFO 2025-01-05 11:59:18,338 basehttp "POST /users/login/ HTTP/1.1" 200 3258
WARNING 2025-01-05 11:59:18,407 basehttp "GET /static/css/main.css HTTP/1.1" 404 1896
INFO 2025-01-05 12:00:11,572 autoreload /home/s-ovsiuk/pf_project/users/views.py changed, reloading.
INFO 2025-01-05 12:26:49,137 autoreload Watching for file changes with StatReloader
INFO 2025-01-05 12:27:14,188 basehttp "GET / HTTP/1.1" 200 2484
WARNING 2025-01-05 12:27:14,343 basehttp "GET /static/css/main.css HTTP/1.1" 404 1896
INFO 2025-01-05 12:27:26,777 basehttp "GET /users/login/ HTTP/1.1" 200 3049
WARNING 2025-01-05 12:27:26,852 basehttp "GET /static/css/main.css HTTP/1.1" 404 1896
INFO 2025-01-05 12:28:16,680 basehttp "POST /users/login/ HTTP/1.1" 200 3258
WARNING 2025-01-05 12:28:16,753 basehttp "GET /static/css/main.css HTTP/1.1" 404 1896
INFO 2025-01-05 13:06:26,363 autoreload Watching for file changes with StatReloader
INFO 2025-01-05 13:06:37,343 basehttp "GET / HTTP/1.1" 200 2484
WARNING 2025-01-05 13:06:37,845 basehttp "GET /static/css/main.css HTTP/1.1" 404 1896
INFO 2025-01-05 13:06:43,354 basehttp "GET /users/login/ HTTP/1.1" 200 3049
WARNING 2025-01-05 13:06:43,494 basehttp "GET /static/css/main.css HTTP/1.1" 404 1896
INFO 2025-01-05 13:08:59,472 autoreload Watching for file changes with StatReloader
INFO 2025-01-05 13:09:06,823 basehttp "POST /users/login/ HTTP/1.1" 200 3258
WARNING 2025-01-05 13:09:06,906 basehttp "GET /static/css/main.css HTTP/1.1" 404 1896
INFO 2025-01-05 13:20:10,133 autoreload Watching for file changes with StatReloader
INFO 2025-01-05 13:21:26,975 basehttp "GET / HTTP/1.1" 200 2484
WARNING 2025-01-05 13:21:29,350 basehttp "GET /static/css/main.css HTTP/1.1" 404 1896
INFO 2025-01-05 13:22:17,271 autoreload /home/s-ovsiuk/pf_project/users/views.py changed, reloading.
INFO 2025-01-05 13:22:18,112 autoreload Watching for file changes with StatReloader
INFO 2025-01-05 13:22:23,597 autoreload /home/s-ovsiuk/pf_project/users/views.py changed, reloading.
INFO 2025-01-05 13:22:24,417 autoreload Watching for file changes with StatReloader
INFO 2025-01-05 13:22:26,881 autoreload /home/s-ovsiuk/pf_project/users/views.py changed, reloading.
INFO 2025-01-05 13:22:28,287 autoreload Watching for file changes with StatReloader
INFO 2025-01-05 13:22:30,002 autoreload /home/s-ovsiuk/pf_project/users/views.py changed, reloading.
INFO 2025-01-05 13:22:31,149 autoreload Watching for file changes with StatReloader
INFO 2025-01-05 13:22:37,640 autoreload /home/s-ovsiuk/pf_project/users/views.py changed, reloading.
INFO 2025-01-05 13:22:38,515 autoreload Watching for file changes with StatReloader
INFO 2025-01-05 13:22:47,078 autoreload /home/s-ovsiuk/pf_project/users/views.py changed, reloading.
INFO 2025-01-05 13:22:47,974 autoreload Watching for file changes with StatReloader
INFO 2025-01-05 13:22:53,598 autoreload /home/s-ovsiuk/pf_project/users/views.py changed, reloading.
INFO 2025-01-05 13:22:54,649 autoreload Watching for file changes with StatReloader
INFO 2025-01-05 13:23:18,429 autoreload /home/s-ovsiuk/pf_project/users/views.py changed, reloading.
INFO 2025-01-05 13:23:19,353 autoreload Watching for file changes with StatReloader
INFO 2025-01-05 13:23:36,968 autoreload /home/s-ovsiuk/pf_project/users/views.py changed, reloading.
INFO 2025-01-05 13:23:38,284 autoreload Watching for file changes with StatReloader
INFO 2025-01-05 13:23:50,923 autoreload /home/s-ovsiuk/pf_project/users/views.py changed, reloading.
INFO 2025-01-05 13:23:51,854 autoreload Watching for file changes with StatReloader
INFO 2025-01-05 13:24:35,041 autoreload /home/s-ovsiuk/pf_project/users/views.py changed, reloading.
INFO 2025-01-05 13:24:35,963 autoreload Watching for file changes with StatReloader
INFO 2025-01-05 13:24:37,589 autoreload /home/s-ovsiuk/pf_project/users/views.py changed, reloading.
INFO 2025-01-05 13:24:38,497 autoreload Watching for file changes with StatReloader
INFO 2025-01-05 13:24:44,107 autoreload /home/s-ovsiuk/pf_project/users/views.py changed, reloading.
INFO 2025-01-05 13:24:45,374 autoreload Watching for file changes with StatReloader
INFO 2025-01-05 13:24:51,079 autoreload /home/s-ovsiuk/pf_project/users/views.py changed, reloading.
INFO 2025-01-05 13:24:52,427 autoreload Watching for file changes with StatReloader
INFO 2025-01-05 13:24:55,882 autoreload /home/s-ovsiuk/pf_project/users/views.py changed, reloading.
INFO 2025-01-05 13:24:56,869 autoreload Watching for file changes with StatReloader
INFO 2025-01-05 13:25:00,261 autoreload /home/s-ovsiuk/pf_project/users/views.py changed, reloading.
INFO 2025-01-05 13:25:01,174 autoreload Watching for file changes with StatReloader
INFO 2025-01-05 13:25:09,638 autoreload /home/s-ovsiuk/pf_project/users/views.py changed, reloading.
INFO 2025-01-05 13:25:10,661 autoreload Watching for file changes with StatReloader
INFO 2025-01-05 13:25:13,140 autoreload /home/s-ovsiuk/pf_project/users/views.py changed, reloading.
INFO 2025-01-05 13:25:14,243 autoreload Watching for file changes with StatReloader
INFO 2025-01-05 13:25:17,671 autoreload /home/s-ovsiuk/pf_project/users/views.py changed, reloading.
INFO 2025-01-05 13:25:18,864 autoreload Watching for file changes with StatReloader
INFO 2025-01-05 13:25:32,700 autoreload /home/s-ovsiuk/pf_project/users/views.py changed, reloading.
INFO 2025-01-05 13:25:33,969 autoreload Watching for file changes with StatReloader
INFO 2025-01-05 13:25:55,901 basehttp "GET /users/register/ HTTP/1.1" 200 4668
WARNING 2025-01-05 13:25:56,594 basehttp "GET /static/css/main.css HTTP/1.1" 404 1896
INFO 2025-01-05 13:25:58,434 basehttp "GET /users/register/ HTTP/1.1" 200 4668
WARNING 2025-01-05 13:26:00,489 basehttp "GET /static/css/main.css HTTP/1.1" 404 1896
INFO 2025-01-05 13:26:55,252 basehttp "POST /users/register/ HTTP/1.1" 302 0
INFO 2025-01-05 13:26:55,356 basehttp "GET /users/login/ HTTP/1.1" 200 3049
WARNING 2025-01-05 13:26:55,439 basehttp "GET /static/css/main.css HTTP/1.1" 404 1896
INFO 2025-01-05 13:27:09,379 basehttp "POST /users/login/ HTTP/1.1" 302 0
INFO 2025-01-05 13:27:09,496 basehttp "GET /users/employee_profile/6/ HTTP/1.1" 200 4068
WARNING 2025-01-05 13:27:09,562 basehttp "GET /static/css/main.css HTTP/1.1" 404 1896
INFO 2025-01-05 13:27:13,205 basehttp "GET /task/doer_tasks/6/ HTTP/1.1" 200 3129
WARNING 2025-01-05 13:27:13,297 basehttp "GET /static/css/main.css HTTP/1.1" 404 1896
INFO 2025-01-05 13:27:29,461 basehttp "GET /users/logout/ HTTP/1.1" 302 0
INFO 2025-01-05 13:27:29,471 basehttp "GET / HTTP/1.1" 200 2484
WARNING 2025-01-05 13:27:29,614 basehttp "GET /static/css/main.css HTTP/1.1" 404 1896
INFO 2025-01-05 13:27:31,713 basehttp "GET /users/login/ HTTP/1.1" 200 3049
WARNING 2025-01-05 13:27:31,779 basehttp "GET /static/css/main.css HTTP/1.1" 404 1896
INFO 2025-01-05 13:27:33,620 basehttp "GET /users/check_user/ HTTP/1.1" 200 2963
WARNING 2025-01-05 13:27:33,740 basehttp "GET /static/css/main.css HTTP/1.1" 404 1896
INFO 2025-01-05 13:27:41,354 basehttp "POST /users/check_user/ HTTP/1.1" 302 0
INFO 2025-01-05 13:27:41,410 basehttp "GET /users/verify_code/ HTTP/1.1" 200 2598
WARNING 2025-01-05 13:27:41,496 basehttp "GET /static/css/main.css HTTP/1.1" 404 1896
INFO 2025-01-05 13:28:13,187 basehttp "POST /users/verify_code/ HTTP/1.1" 200 186
INFO 2025-01-05 13:28:53,653 basehttp "GET / HTTP/1.1" 200 2484
WARNING 2025-01-05 13:28:53,718 basehttp "GET /static/css/main.css HTTP/1.1" 404 1896
INFO 2025-01-05 13:29:41,915 basehttp "GET /users/login/ HTTP/1.1" 200 3049
WARNING 2025-01-05 13:29:41,993 basehttp "GET /static/css/main.css HTTP/1.1" 404 1896
INFO 2025-01-05 13:29:51,914 basehttp "POST /users/login/ HTTP/1.1" 200 3258
WARNING 2025-01-05 13:29:51,983 basehttp "GET /static/css/main.css HTTP/1.1" 404 1896
INFO 2025-01-05 13:31:17,675 basehttp "POST /users/login/ HTTP/1.1" 200 3258
WARNING 2025-01-05 13:31:17,743 basehttp "GET /static/css/main.css HTTP/1.1" 404 1896
INFO 2025-01-05 13:31:27,921 basehttp "POST /users/login/ HTTP/1.1" 200 3258
WARNING 2025-01-05 13:31:27,976 basehttp "GET /static/css/main.css HTTP/1.1" 404 1896
INFO 2025-01-05 13:40:06,860 autoreload Watching for file changes with StatReloader
INFO 2025-01-05 13:40:15,099 basehttp "GET / HTTP/1.1" 200 2484
WARNING 2025-01-05 13:40:15,172 basehttp "GET /static/css/main.css HTTP/1.1" 404 1896
INFO 2025-01-05 13:40:20,213 basehttp "GET /users/register/ HTTP/1.1" 200 4668
WARNING 2025-01-05 13:40:20,287 basehttp "GET /static/css/main.css HTTP/1.1" 404 1896
INFO 2025-01-05 13:40:54,421 basehttp "POST /users/register/ HTTP/1.1" 302 0
INFO 2025-01-05 13:40:54,453 basehttp "GET /users/login/ HTTP/1.1" 200 3049
WARNING 2025-01-05 13:40:54,544 basehttp "GET /static/css/main.css HTTP/1.1" 404 1896
INFO 2025-01-05 13:41:08,380 basehttp "POST /users/login/ HTTP/1.1" 302 0
INFO 2025-01-05 13:41:08,444 basehttp "GET /users/employee_profile/7/ HTTP/1.1" 200 4068
WARNING 2025-01-05 13:41:08,538 basehttp "GET /static/css/main.css HTTP/1.1" 404 1896
INFO 2025-01-05 13:41:40,427 basehttp "GET /users/logout/ HTTP/1.1" 302 0
INFO 2025-01-05 13:41:40,437 basehttp "GET / HTTP/1.1" 200 2484
WARNING 2025-01-05 13:41:40,564 basehttp "GET /static/css/main.css HTTP/1.1" 404 1896
INFO 2025-01-05 13:41:42,422 basehttp "GET /users/login/ HTTP/1.1" 200 3049
WARNING 2025-01-05 13:41:42,514 basehttp "GET /static/css/main.css HTTP/1.1" 404 1896
INFO 2025-01-05 13:41:45,119 basehttp "GET /users/check_user/ HTTP/1.1" 200 2963
WARNING 2025-01-05 13:41:45,201 basehttp "GET /static/css/main.css HTTP/1.1" 404 1896
INFO 2025-01-05 13:41:53,172 basehttp "POST /users/check_user/ HTTP/1.1" 302 0
INFO 2025-01-05 13:41:53,191 basehttp "GET /users/verify_code/ HTTP/1.1" 200 2598
WARNING 2025-01-05 13:41:53,312 basehttp "GET /static/css/main.css HTTP/1.1" 404 1896
INFO 2025-01-05 13:42:10,484 basehttp "GET / HTTP/1.1" 200 2484
WARNING 2025-01-05 13:42:10,792 basehttp "GET /static/css/main.css HTTP/1.1" 404 1896
INFO 2025-01-05 13:42:43,978 basehttp "POST /users/verify_code/ HTTP/1.1" 200 105
INFO 2025-01-05 13:43:00,413 basehttp "GET /users/login/ HTTP/1.1" 200 3049
WARNING 2025-01-05 13:43:00,479 basehttp "GET /static/css/main.css HTTP/1.1" 404 1896
INFO 2025-01-05 13:43:09,498 basehttp "POST /users/login/ HTTP/1.1" 302 0
INFO 2025-01-05 13:43:09,533 basehttp "GET /users/employee_profile/7/ HTTP/1.1" 200 4068
WARNING 2025-01-05 13:43:09,610 basehttp "GET /static/css/main.css HTTP/1.1" 404 1896
INFO 2025-01-05 13:43:39,632 basehttp "GET /users/reset_password/ HTTP/1.1" 200 4556
WARNING 2025-01-05 13:43:39,779 basehttp "GET /static/css/main.css HTTP/1.1" 404 1896
INFO 2025-01-05 13:44:09,346 basehttp "POST /users/reset_password/ HTTP/1.1" 302 0
INFO 2025-01-05 13:44:09,419 basehttp "GET /users/password_change_done/ HTTP/1.1" 200 3551
WARNING 2025-01-05 13:44:09,549 basehttp "GET /static/css/main.css HTTP/1.1" 404 1896
INFO 2025-01-05 13:44:12,178 basehttp "GET /users/employee_profile/7/ HTTP/1.1" 200 4068
WARNING 2025-01-05 13:44:12,248 basehttp "GET /static/css/main.css HTTP/1.1" 404 1896
INFO 2025-01-05 13:44:16,881 basehttp "GET /users/logout/ HTTP/1.1" 302 0
INFO 2025-01-05 13:44:16,890 basehttp "GET / HTTP/1.1" 200 2484
WARNING 2025-01-05 13:44:16,979 basehttp "GET /static/css/main.css HTTP/1.1" 404 1896
INFO 2025-01-05 13:44:19,203 basehttp "GET /users/login/ HTTP/1.1" 200 3049
WARNING 2025-01-05 13:44:19,271 basehttp "GET /static/css/main.css HTTP/1.1" 404 1896
INFO 2025-01-05 13:44:37,907 basehttp "POST /users/login/ HTTP/1.1" 302 0
INFO 2025-01-05 13:44:37,928 basehttp "GET /users/employee_profile/7/ HTTP/1.1" 200 4068
WARNING 2025-01-05 13:44:38,015 basehttp "GET /static/css/main.css HTTP/1.1" 404 1896
INFO 2025-01-05 13:55:06,058 autoreload /home/s-ovsiuk/pf_project/users/views.py changed, reloading.
INFO 2025-01-05 13:55:06,920 autoreload Watching for file changes with StatReloader
INFO 2025-01-05 13:55:08,573 autoreload /home/s-ovsiuk/pf_project/users/views.py changed, reloading.
INFO 2025-01-05 13:55:09,737 autoreload Watching for file changes with StatReloader
